# JRE version: OpenJDK Runtime Environment Temurin-21.0.11+10 (21.0.11+10) (build 21.0.11+10-LTS)
# Java VM: OpenJDK 64-Bit Server VM Temurin-21.0.11+10 (21.0.11+10-LTS, mixed mode, sharing, tiered, compressed oops, compressed class ptrs, g1 gc, windows-amd64)
GC Precious Log:
 CardTable entry size: 512
 Card Set container configuration: InlinePtr #cards 4 size 8 Array Of Cards #cards 32 size 80 Howl #buckets 8 coarsen threshold 7372 Howl Bitmap #cards 1024 size 144 coarsen threshold 921 Card regions per heap region 1 cards per card region 8192
 CPUs: 12 total, 12 available
 Memory: 16022M
 Large Page Support: Disabled
 NUMA Support: Disabled
 Compressed Oops: Enabled (Zero based)
 Heap Region Size: 4M
 Heap Min Capacity: 8M
 Heap Initial Capacity: 252M
 Heap Max Capacity: 8G
 Pre-touch: Disabled
 Parallel Workers: 10
 Concurrent Workers: 3
 Concurrent Refinement Workers: 10
 Periodic GC: Disabled
Heap:
 garbage-first heap   total 225280K, used 165572K [0x0000000600000000, 0x0000000800000000)
  region size 4096K, 12 young (49152K), 2 survivors (8192K)
 Metaspace       used 105665K, committed 108160K, reserved 1179648K
  class space    used 15022K, committed 16192K, reserved 1048576K
GC Heap History (20 events):
Event: 49.417 GC heap before
{Heap before GC invocations=30 (full 0):
 garbage-first heap   total 159744K, used 136633K [0x0000000600000000, 0x0000000800000000)
  region size 4096K, 14 young (57344K), 2 survivors (8192K)
 Metaspace       used 78139K, committed 80384K, reserved 1179648K
  class space    used 11233K, committed 12352K, reserved 1048576K
}
Event: 49.422 GC heap after
{Heap after GC invocations=31 (full 0):
 garbage-first heap   total 159744K, used 93182K [0x0000000600000000, 0x0000000800000000)
  region size 4096K, 2 young (8192K), 2 survivors (8192K)
 Metaspace       used 78139K, committed 80384K, reserved 1179648K
  class space    used 11233K, committed 12352K, reserved 1048576K
}
Event: 50.614 GC heap before
{Heap before GC invocations=32 (full 0):
 garbage-first heap   total 163840K, used 134142K [0x0000000600000000, 0x0000000800000000)
  region size 4096K, 13 young (53248K), 2 survivors (8192K)
 Metaspace       used 78951K, committed 81152K, reserved 1179648K
  class space    used 11331K, committed 12416K, reserved 1048576K
}
Event: 50.619 GC heap after
{Heap after GC invocations=33 (full 0):
 garbage-first heap   total 163840K, used 93244K [0x0000000600000000, 0x0000000800000000)
  region size 4096K, 1 young (4096K), 1 survivors (4096K)
 Metaspace       used 78951K, committed 81152K, reserved 1179648K
  class space    used 11331K, committed 12416K, reserved 1048576K
}
Event: 73.246 GC heap before
{Heap before GC invocations=33 (full 0):
 garbage-first heap   total 163840K, used 142396K [0x0000000600000000, 0x0000000800000000)
  region size 4096K, 14 young (57344K), 1 survivors (4096K)
 Metaspace       used 80302K, committed 82624K, reserved 1179648K
  class space    used 11474K, committed 12608K, reserved 1048576K
}
Event: 73.260 GC heap after
{Heap after GC invocations=34 (full 0):
 garbage-first heap   total 176128K, used 113364K [0x0000000600000000, 0x0000000800000000)
  region size 4096K, 2 young (8192K), 2 survivors (8192K)
 Metaspace       used 80302K, committed 82624K, reserved 1179648K
  class space    used 11474K, committed 12608K, reserved 1048576K
}
Event: 74.642 GC heap before
{Heap before GC invocations=34 (full 0):
 garbage-first heap   total 176128K, used 154324K [0x0000000600000000, 0x0000000800000000)
  region size 4096K, 12 young (49152K), 2 survivors (8192K)
 Metaspace       used 83939K, committed 86208K, reserved 1179648K
  class space    used 11890K, committed 12992K, reserved 1048576K
}
Event: 74.649 GC heap after
{Heap after GC invocations=35 (full 0):
 garbage-first heap   total 176128K, used 113678K [0x0000000600000000, 0x0000000800000000)
  region size 4096K, 1 young (4096K), 1 survivors (4096K)
 Metaspace       used 83939K, committed 86208K, reserved 1179648K
  class space    used 11890K, committed 12992K, reserved 1048576K
}
Event: 75.389 GC heap before
{Heap before GC invocations=36 (full 0):
 garbage-first heap   total 200704K, used 146446K [0x0000000600000000, 0x0000000800000000)
  region size 4096K, 10 young (40960K), 1 survivors (4096K)
 Metaspace       used 85253K, committed 87488K, reserved 1179648K
  class space    used 12079K, committed 13184K, reserved 1048576K
}
Event: 75.393 GC heap after
{Heap after GC invocations=37 (full 0):
 garbage-first heap   total 200704K, used 118425K [0x0000000600000000, 0x0000000800000000)
  region size 4096K, 2 young (8192K), 2 survivors (8192K)
 Metaspace       used 85253K, committed 87488K, reserved 1179648K
  class space    used 12079K, committed 13184K, reserved 1048576K
}
Event: 77.172 GC heap before
{Heap before GC invocations=37 (full 0):
 garbage-first heap   total 200704K, used 167577K [0x0000000600000000, 0x0000000800000000)
  region size 4096K, 15 young (61440K), 2 survivors (8192K)
 Metaspace       used 89103K, committed 91392K, reserved 1179648K
  class space    used 12572K, committed 13696K, reserved 1048576K
}
Event: 77.177 GC heap after
{Heap after GC invocations=38 (full 0):
 garbage-first heap   total 200704K, used 118282K [0x0000000600000000, 0x0000000800000000)
  region size 4096K, 1 young (4096K), 1 survivors (4096K)
 Metaspace       used 89103K, committed 91392K, reserved 1179648K
  class space    used 12572K, committed 13696K, reserved 1048576K
}
Event: 78.560 GC heap before
{Heap before GC invocations=38 (full 0):
 garbage-first heap   total 200704K, used 175626K [0x0000000600000000, 0x0000000800000000)
  region size 4096K, 15 young (61440K), 1 survivors (4096K)
 Metaspace       used 93485K, committed 95744K, reserved 1179648K
  class space    used 13180K, committed 14272K, reserved 1048576K
}
Event: 78.566 GC heap after
{Heap after GC invocations=39 (full 0):
 garbage-first heap   total 200704K, used 119744K [0x0000000600000000, 0x0000000800000000)
  region size 4096K, 2 young (8192K), 2 survivors (8192K)
 Metaspace       used 93485K, committed 95744K, reserved 1179648K
  class space    used 13180K, committed 14272K, reserved 1048576K
}
Event: 80.300 GC heap before
{Heap before GC invocations=40 (full 0):
 garbage-first heap   total 212992K, used 177088K [0x0000000600000000, 0x0000000800000000)
  region size 4096K, 16 young (65536K), 2 survivors (8192K)
 Metaspace       used 94508K, committed 96896K, reserved 1179648K
  class space    used 13308K, committed 14464K, reserved 1048576K
}
Event: 80.306 GC heap after
{Heap after GC invocations=41 (full 0):
 garbage-first heap   total 212992K, used 125458K [0x0000000600000000, 0x0000000800000000)
  region size 4096K, 2 young (8192K), 2 survivors (8192K)
 Metaspace       used 94508K, committed 96896K, reserved 1179648K
  class space    used 13308K, committed 14464K, reserved 1048576K
}
Event: 82.098 GC heap before
{Heap before GC invocations=41 (full 0):
 garbage-first heap   total 212992K, used 190994K [0x0000000600000000, 0x0000000800000000)
  region size 4096K, 18 young (73728K), 2 survivors (8192K)
 Metaspace       used 99164K, committed 101568K, reserved 1179648K
  class space    used 14002K, committed 15168K, reserved 1048576K
}
Event: 82.105 GC heap after
{Heap after GC invocations=42 (full 0):
 garbage-first heap   total 212992K, used 125546K [0x0000000600000000, 0x0000000800000000)
  region size 4096K, 2 young (8192K), 2 survivors (8192K)
 Metaspace       used 99164K, committed 101568K, reserved 1179648K
  class space    used 14002K, committed 15168K, reserved 1048576K
}
Event: 83.828 GC heap before
{Heap before GC invocations=42 (full 0):
 garbage-first heap   total 212992K, used 195178K [0x0000000600000000, 0x0000000800000000)
  region size 4096K, 19 young (77824K), 2 survivors (8192K)
 Metaspace       used 103837K, committed 106240K, reserved 1179648K
  class space    used 14717K, committed 15872K, reserved 1048576K
}
Event: 83.835 GC heap after
{Heap after GC invocations=43 (full 0):
 garbage-first heap   total 212992K, used 128708K [0x0000000600000000, 0x0000000800000000)
  region size 4096K, 2 young (8192K), 2 survivors (8192K)
 Metaspace       used 103837K, committed 106240K, reserved 1179648K
  class space    used 14717K, committed 15872K, reserved 1048576K
}

